<?xml version="1.0" encoding="UTF-8"?>
<testng-results skipped="0" failed="0" total="2" passed="2">
  <reporter-output>
  </reporter-output>
  <suite name="Suite" duration-ms="172368" started-at="2019-06-23T05:26:49Z" finished-at="2019-06-23T05:29:41Z">
    <groups>
    </groups>
    <test name="Test" duration-ms="172368" started-at="2019-06-23T05:26:49Z" finished-at="2019-06-23T05:29:41Z">
      <class name="com.org.selenium.selenium1.secondTwo2">
        <test-method status="PASS" signature="beforeMethod()[pri:0, instance:com.org.selenium.selenium1.secondTwo2@17f6480]" name="beforeMethod" is-config="true" duration-ms="8119" started-at="2019-06-22T22:29:31Z" finished-at="2019-06-22T22:29:39Z">
          <reporter-output>
          </reporter-output>
        </test-method> <!-- beforeMethod -->
        <test-method status="PASS" signature="main()[pri:0, instance:com.org.selenium.selenium1.secondTwo2@17f6480]" name="main" duration-ms="1731" started-at="2019-06-22T22:29:39Z" finished-at="2019-06-22T22:29:41Z">
          <reporter-output>
          </reporter-output>
        </test-method> <!-- main -->
        <test-method status="PASS" signature="afterMethod()[pri:0, instance:com.org.selenium.selenium1.secondTwo2@17f6480]" name="afterMethod" is-config="true" duration-ms="0" started-at="2019-06-22T22:29:41Z" finished-at="2019-06-22T22:29:41Z">
          <reporter-output>
          </reporter-output>
        </test-method> <!-- afterMethod -->
      </class> <!-- com.org.selenium.selenium1.secondTwo2 -->
      <class name="com.org.selenium.selenium1.firstOne1">
        <test-method status="PASS" signature="f()[pri:0, instance:com.org.selenium.selenium1.firstOne1@b684286]" name="f" duration-ms="162500" started-at="2019-06-22T22:26:49Z" finished-at="2019-06-22T22:29:31Z">
          <reporter-output>
          </reporter-output>
        </test-method> <!-- f -->
      </class> <!-- com.org.selenium.selenium1.firstOne1 -->
    </test> <!-- Test -->
  </suite> <!-- Suite -->
</testng-results>
