<?xml version="1.0" encoding="UTF-8"?>
<testng-results skipped="0" failed="0" total="2" passed="2">
  <reporter-output>
  </reporter-output>
  <suite name="Suite" duration-ms="30001" started-at="2019-06-23T04:42:45Z" finished-at="2019-06-23T04:43:15Z">
    <groups>
    </groups>
    <test name="Test" duration-ms="30001" started-at="2019-06-23T04:42:45Z" finished-at="2019-06-23T04:43:15Z">
      <class name="com.org.selenium.selenium1.secondTwo2">
        <test-method status="PASS" signature="beforeMethod()[pri:0, instance:com.org.selenium.selenium1.secondTwo2@55f3ddb1]" name="beforeMethod" is-config="true" duration-ms="5995" started-at="2019-06-22T21:43:08Z" finished-at="2019-06-22T21:43:14Z">
          <reporter-output>
          </reporter-output>
        </test-method> <!-- beforeMethod -->
        <test-method status="PASS" signature="main()[pri:0, instance:com.org.selenium.selenium1.secondTwo2@55f3ddb1]" name="main" duration-ms="1145" started-at="2019-06-22T21:43:14Z" finished-at="2019-06-22T21:43:15Z">
          <reporter-output>
          </reporter-output>
        </test-method> <!-- main -->
        <test-method status="PASS" signature="afterMethod()[pri:0, instance:com.org.selenium.selenium1.secondTwo2@55f3ddb1]" name="afterMethod" is-config="true" duration-ms="1" started-at="2019-06-22T21:43:15Z" finished-at="2019-06-22T21:43:15Z">
          <reporter-output>
          </reporter-output>
        </test-method> <!-- afterMethod -->
      </class> <!-- com.org.selenium.selenium1.secondTwo2 -->
      <class name="com.org.selenium.selenium1.firstOne1">
        <test-method status="PASS" signature="f()[pri:0, instance:com.org.selenium.selenium1.firstOne1@28d25987]" name="f" duration-ms="22831" started-at="2019-06-22T21:42:45Z" finished-at="2019-06-22T21:43:08Z">
          <reporter-output>
          </reporter-output>
        </test-method> <!-- f -->
      </class> <!-- com.org.selenium.selenium1.firstOne1 -->
    </test> <!-- Test -->
  </suite> <!-- Suite -->
</testng-results>
